
> fitforge-desktop@1.0.0 dev
> NODE_ENV=development HOST=0.0.0.0 PORT=5000 tsx watch --clear-screen=false server/index.ts

Ender's Exercise Database Summary:
Total exercises: 38
Workout types: [ 'Abs', 'BackBiceps', 'ChestTriceps', 'Legs' ]
Abs: 4 exercises, 30min
BackBiceps: 13 exercises, 60min
ChestTriceps: 14 exercises, 75min
Legs: 7 exercises, 50min
No fake data generated - using only real user workout sessions
[33mThe CJS build of Vite's Node API is deprecated. See https://vite.dev/guide/troubleshooting.html#vite-cjs-node-api-deprecated for more details.[39m
node:events:495
      throw er; // Unhandled 'error' event
      ^

Error: listen EADDRINUSE: address already in use 0.0.0.0:5000
    at __node_internal_captureLargerStackTrace (node:internal/errors:496:5)
    at __node_internal_uvExceptionWithHostPort (node:internal/errors:593:12)
    at Server.setupListenHandle [as _listen2] (node:net:1811:16)
    at listenInCluster (node:net:1859:12)
    at doListen (node:net:2008:7)
    at process.processTicksAndRejections (node:internal/process/task_queues:83:21)
Emitted 'error' event on Server instance at:
    at emitErrorNT (node:net:1838:8)
    at process.processTicksAndRejections (node:internal/process/task_queues:82:21) {
  code: 'EADDRINUSE',
  errno: -98,
  syscall: 'listen',
  address: '0.0.0.0',
  port: 5000
}

Node.js v18.19.1
